[
  {
    "level": "INFO",
    "message": "android.ndkVersion from module build.gradle is not set"
  },
  {
    "level": "INFO",
    "message": "ndk.dir in local.properties is /home/arek/Android/Sdk/ndk"
  },
  {
    "level": "INFO",
    "message": "ANDROID_NDK_HOME environment variable is not set"
  },
  {
    "level": "INFO",
    "message": "sdkFolder is /home/arek/Android/Sdk"
  },
  {
    "level": "INFO",
    "message": "Considering /home/arek/Android/Sdk/ndk by ndk.dir"
  },
  {
    "level": "INFO",
    "message": "Considering /home/arek/Android/Sdk/ndk-bundle in SDK ndk-bundle folder"
  },
  {
    "level": "INFO",
    "message": "Considering /home/arek/Android/Sdk/ndk/22.0.6917172 in SDK ndk folder"
  },
  {
    "level": "INFO",
    "message": "Considering /home/arek/Android/Sdk/ndk/21.1.6352462 in SDK ndk folder"
  },
  {
    "level": "INFO",
    "message": "Rejected /home/arek/Android/Sdk/ndk by ndk.dir because that location has no source.properties"
  },
  {
    "level": "ERROR",
    "message": "Location specified by ndk.dir (/home/arek/Android/Sdk/ndk) did not contain a valid NDK and and couldn\u0027t be used"
  },
  {
    "level": "INFO",
    "message": "Using /home/arek/Android/Sdk/ndk/22.0.6917172 which is version 22.0.6917172 as fallback but build will fail"
  }
]